<?xml version="1.0" encoding="UTF-8"?>
<!-- Generated by org.testng.reporters.JUnitReportReporter -->
<testsuite hostname="RATAN" failures="3" tests="3" name="upskill.runners.RunnerClass" time="0.183" errors="0" timestamp="5 Oct 2022 00:44:03 GMT">
  <testcase classname="upskill.runners.RunnerClass" name="runScenario" time="0.032">
    <failure message="Cannot invoke &quot;org.openqa.selenium.SearchContext.findElement(org.openqa.selenium.By)&quot; because &quot;this.searchContext&quot; is null" type="java.lang.NullPointerException">
      <![CDATA[java.lang.NullPointerException: Cannot invoke "org.openqa.selenium.SearchContext.findElement(org.openqa.selenium.By)" because "this.searchContext" is null
	at org.openqa.selenium.support.pagefactory.DefaultElementLocator.findElement(DefaultElementLocator.java:69)
	at org.openqa.selenium.support.pagefactory.internal.LocatingElementHandler.invoke(LocatingElementHandler.java:38)
	at jdk.proxy2/jdk.proxy2.$Proxy25.sendKeys(Unknown Source)
	at upskill.ebay.pageAction.EbayHomePageActions.searchItems(EbayHomePageActions.java:37)
	at upskill.ebay.stepDef.EbayHomePageSteps.search_for(EbayHomePageSteps.java:38)
	at ✽.Search for "Shirts"(file:///C:/Users/SKRAT/eclipse-workspace03/EbayCucumberProject/src/test/resource/EbayFeatureFile/EbayBrandOutline.feature:7)
]]>
    </failure>
  </testcase> <!-- runScenario -->
  <testcase classname="upskill.runners.RunnerClass" name="runScenario" time="0.134">
    <failure message="Cannot invoke &quot;org.openqa.selenium.SearchContext.findElement(org.openqa.selenium.By)&quot; because &quot;this.searchContext&quot; is null" type="java.lang.NullPointerException">
      <![CDATA[java.lang.NullPointerException: Cannot invoke "org.openqa.selenium.SearchContext.findElement(org.openqa.selenium.By)" because "this.searchContext" is null
	at org.openqa.selenium.support.pagefactory.DefaultElementLocator.findElement(DefaultElementLocator.java:69)
	at org.openqa.selenium.support.pagefactory.internal.LocatingElementHandler.invoke(LocatingElementHandler.java:38)
	at jdk.proxy2/jdk.proxy2.$Proxy25.sendKeys(Unknown Source)
	at upskill.ebay.pageAction.EbayHomePageActions.searchItems(EbayHomePageActions.java:37)
	at upskill.ebay.stepDef.EbayHomePageSteps.search_for(EbayHomePageSteps.java:38)
	at ✽.Search for "Shoes"(file:///C:/Users/SKRAT/eclipse-workspace03/EbayCucumberProject/src/test/resource/EbayFeatureFile/EbayBrandOutline.feature:7)
]]>
    </failure>
  </testcase> <!-- runScenario -->
  <testcase classname="upskill.runners.RunnerClass" name="runScenario" time="0.017">
    <failure message="Cannot invoke &quot;org.openqa.selenium.SearchContext.findElement(org.openqa.selenium.By)&quot; because &quot;this.searchContext&quot; is null" type="java.lang.NullPointerException">
      <![CDATA[java.lang.NullPointerException: Cannot invoke "org.openqa.selenium.SearchContext.findElement(org.openqa.selenium.By)" because "this.searchContext" is null
	at org.openqa.selenium.support.pagefactory.DefaultElementLocator.findElement(DefaultElementLocator.java:69)
	at org.openqa.selenium.support.pagefactory.internal.LocatingElementHandler.invoke(LocatingElementHandler.java:38)
	at jdk.proxy2/jdk.proxy2.$Proxy25.sendKeys(Unknown Source)
	at upskill.ebay.pageAction.EbayHomePageActions.searchItems(EbayHomePageActions.java:37)
	at upskill.ebay.stepDef.EbayHomePageSteps.search_for(EbayHomePageSteps.java:38)
	at ✽.Search for "Pants"(file:///C:/Users/SKRAT/eclipse-workspace03/EbayCucumberProject/src/test/resource/EbayFeatureFile/EbayBrandOutline.feature:7)
]]>
    </failure>
  </testcase> <!-- runScenario -->
</testsuite> <!-- upskill.runners.RunnerClass -->
